TN:
SF:/home/shine/intro/My-Diary/app.js
FNF:0
FNH:0
DA:1,1
DA:2,1
DA:3,1
DA:4,1
DA:6,1
DA:7,1
DA:9,1
DA:10,1
DA:11,1
DA:13,1
DA:14,1
DA:15,1
LF:12
LH:12
BRDA:7,0,0,1
BRDA:7,0,1,1
BRF:2
BRH:2
end_of_record
TN:
SF:/home/shine/intro/My-Diary/server/controller/user/myDiaryController.js
FNF:0
FNH:0
DA:1,1
DA:17,1
DA:18,1
DA:19,0
DA:21,1
DA:22,1
LF:6
LH:5
BRDA:18,0,0,0
BRDA:18,0,1,1
BRF:2
BRH:1
end_of_record
TN:
SF:/home/shine/intro/My-Diary/server/router/index.js
FN:3,routes
FN:4,(anonymous_2)
FN:8,(anonymous_3)
FNF:3
FNH:1
FNDA:1,routes
FNDA:0,(anonymous_2)
FNDA:0,(anonymous_3)
DA:1,1
DA:3,1
DA:4,1
DA:8,1
DA:13,1
LF:5
LH:5
BRF:0
BRH:0
end_of_record
TN:
SF:/home/shine/intro/My-Diary/server/router/userRoute.js
FN:5,userRoute
FNF:1
FNH:1
FNDA:1,userRoute
DA:2,1
DA:3,1
DA:5,1
DA:6,1
LF:4
LH:4
BRF:0
BRH:0
end_of_record
TN:
SF:/home/shine/intro/My-Diary/server/test/createEntry.js
FN:8,(anonymous_1)
FN:9,(anonymous_2)
FN:10,(anonymous_3)
FN:19,(anonymous_4)
FN:26,(anonymous_5)
FN:34,(anonymous_6)
FNF:6
FNH:6
FNDA:1,(anonymous_1)
FNDA:1,(anonymous_2)
FNDA:1,(anonymous_3)
FNDA:1,(anonymous_4)
FNDA:1,(anonymous_5)
FNDA:1,(anonymous_6)
DA:1,1
DA:2,1
DA:3,1
DA:4,1
DA:6,1
DA:7,1
DA:8,1
DA:9,1
DA:10,1
DA:11,1
DA:16,1
DA:20,1
DA:21,1
DA:22,1
DA:23,1
DA:26,1
DA:27,1
DA:31,1
DA:35,1
DA:36,1
DA:37,1
LF:21
LH:21
BRF:0
BRH:0
end_of_record
TN:
SF:/home/shine/intro/My-Diary/server/validation/user.js
FNF:0
FNH:0
DA:3,2
DA:4,2
DA:5,2
DA:6,2
DA:7,2
DA:8,2
DA:9,1
DA:10,1
DA:13,2
DA:14,1
DA:16,1
LF:11
LH:11
BRDA:8,0,0,1
BRDA:8,0,1,1
BRDA:13,1,0,1
BRDA:13,1,1,1
BRF:4
BRH:4
end_of_record
